[2024-07-14T18:54:34.701082+00:00] app.ERROR: Could not validate uri: /cms/contact-detail/edit/ for file: app.min.css [] []
[2024-07-14T18:54:34.703200+00:00] app.ERROR: Could not validate uri: /cms/contact-detail/edit/ for file: app.min.js [] []
[2024-07-14T18:57:18.833319+00:00] app.ERROR: Could not validate uri: /cms/ for file: app.min.css [] []
[2024-07-14T18:57:18.833746+00:00] app.ERROR: Could not validate uri: /cms/ for file: app.min.js [] []
[2024-07-14T19:39:24.255406+00:00] app.ERROR: Unable to emit response; headers already sent in /var/www/html/vendor/versyx/framework/src/Providers/RouteServiceProvider.php:61 [] []
[2024-07-14T19:39:24.526813+00:00] app.ERROR: Unable to emit response; headers already sent in /var/www/html/vendor/versyx/framework/src/Providers/RouteServiceProvider.php:61 [] []
[2024-07-14T22:37:50.493168+00:00] app.ERROR: Could not validate uri: /cms/employment-history/create/ for file: app.min.css [] []
[2024-07-14T22:37:50.494128+00:00] app.ERROR: Could not validate uri: /cms/employment-history/create/ for file: app.min.js [] []
[2024-07-14T22:38:10.968811+00:00] app.ERROR: Could not validate uri: /cms/employment-history/create/ for file: app.min.css [] []
[2024-07-14T22:38:10.970101+00:00] app.ERROR: Could not validate uri: /cms/employment-history/create/ for file: app.min.js [] []
[2024-07-14T23:46:59.602287+00:00] app.ERROR: An exception has been thrown during the rendering of a template ("Typed property Versyx\View\Extensions\Twig\AssetExtension::$path must not be accessed before initialization"). [] []
[2024-07-14T23:46:59.698200+00:00] app.ERROR: An exception has been thrown during the rendering of a template ("Typed property Versyx\View\Extensions\Twig\AssetExtension::$path must not be accessed before initialization"). [] []
[2024-07-14T23:47:09.278290+00:00] app.ERROR: An exception has been thrown during the rendering of a template ("Typed property Versyx\View\Extensions\Twig\AssetExtension::$path must not be accessed before initialization"). [] []
[2024-07-14T23:47:09.322816+00:00] app.ERROR: An exception has been thrown during the rendering of a template ("Typed property Versyx\View\Extensions\Twig\AssetExtension::$path must not be accessed before initialization"). [] []
[2024-07-15T01:23:35.918194+00:00] app.ERROR: An exception occurred while executing a query: SQLSTATE[42S02]: Base table or view not found: 1146 Table 'versyx.experience' doesn't exist [] []
[2024-07-15T01:23:36.102027+00:00] app.ERROR: An exception occurred while executing a query: SQLSTATE[42S02]: Base table or view not found: 1146 Table 'versyx.experience' doesn't exist [] []
[2024-07-15T01:23:36.278225+00:00] app.ERROR: An exception occurred while executing a query: SQLSTATE[42S02]: Base table or view not found: 1146 Table 'versyx.experience' doesn't exist [] []
[2024-07-15T01:23:36.439798+00:00] app.ERROR: An exception occurred while executing a query: SQLSTATE[42S02]: Base table or view not found: 1146 Table 'versyx.experience' doesn't exist [] []
[2024-07-15T01:23:36.746975+00:00] app.ERROR: An exception occurred while executing a query: SQLSTATE[42S02]: Base table or view not found: 1146 Table 'versyx.experience' doesn't exist [] []
[2024-07-15T01:23:36.935975+00:00] app.ERROR: An exception occurred while executing a query: SQLSTATE[42S02]: Base table or view not found: 1146 Table 'versyx.experience' doesn't exist [] []
[2024-07-15T01:23:37.107215+00:00] app.ERROR: An exception occurred while executing a query: SQLSTATE[42S02]: Base table or view not found: 1146 Table 'versyx.experience' doesn't exist [] []
[2024-07-15T01:23:37.267493+00:00] app.ERROR: An exception occurred while executing a query: SQLSTATE[42S02]: Base table or view not found: 1146 Table 'versyx.experience' doesn't exist [] []
[2024-07-15T01:23:37.416679+00:00] app.ERROR: An exception occurred while executing a query: SQLSTATE[42S02]: Base table or view not found: 1146 Table 'versyx.experience' doesn't exist [] []
[2024-07-15T01:23:37.560406+00:00] app.ERROR: An exception occurred while executing a query: SQLSTATE[42S02]: Base table or view not found: 1146 Table 'versyx.experience' doesn't exist [] []
[2024-07-15T01:23:37.701239+00:00] app.ERROR: An exception occurred while executing a query: SQLSTATE[42S02]: Base table or view not found: 1146 Table 'versyx.experience' doesn't exist [] []
[2024-07-15T01:23:37.836143+00:00] app.ERROR: An exception occurred while executing a query: SQLSTATE[42S02]: Base table or view not found: 1146 Table 'versyx.experience' doesn't exist [] []
[2024-07-15T01:23:37.992628+00:00] app.ERROR: An exception occurred while executing a query: SQLSTATE[42S02]: Base table or view not found: 1146 Table 'versyx.experience' doesn't exist [] []
[2024-07-15T01:23:38.124341+00:00] app.ERROR: An exception occurred while executing a query: SQLSTATE[42S02]: Base table or view not found: 1146 Table 'versyx.experience' doesn't exist [] []
[2024-07-15T01:23:38.267930+00:00] app.ERROR: An exception occurred while executing a query: SQLSTATE[42S02]: Base table or view not found: 1146 Table 'versyx.experience' doesn't exist [] []
[2024-07-15T01:23:38.400917+00:00] app.ERROR: An exception occurred while executing a query: SQLSTATE[42S02]: Base table or view not found: 1146 Table 'versyx.experience' doesn't exist [] []
[2024-07-15T01:23:38.540928+00:00] app.ERROR: An exception occurred while executing a query: SQLSTATE[42S02]: Base table or view not found: 1146 Table 'versyx.experience' doesn't exist [] []
[2024-07-15T01:41:31.881362+00:00] app.ERROR: Identifier "App\Http\Controllers\HomeController" is not defined. [] []
[2024-07-15T01:41:49.302140+00:00] app.ERROR: Identifier "App\Http\Controllers\HomeController" is not defined. [] []
[2024-07-15T01:41:52.933424+00:00] app.ERROR: Identifier "App\Http\Controllers\HomeController" is not defined. [] []
[2024-07-15T01:52:34.394879+00:00] app.ERROR: Identifier "App\Http\Controllers\HomeController" is not defined. [] []
